{
  "stats": {
    "suites": 1,
    "tests": 1,
    "passes": 0,
    "pending": 0,
    "failures": 1,
    "start": "2025-11-08T15:13:24.908Z",
    "end": "2025-11-08T15:13:29.820Z",
    "duration": 4912,
    "testsRegistered": 1,
    "passPercent": 0,
    "pendingPercent": 0,
    "other": 0,
    "hasOther": false,
    "skipped": 0,
    "hasSkipped": false
  },
  "results": [
    {
      "uuid": "5c196e02-fab8-4a34-b1e0-85440bde8460",
      "title": "",
      "fullFile": "cypress\\e2e\\add-product.cy.js",
      "file": "cypress\\e2e\\add-product.cy.js",
      "beforeHooks": [],
      "afterHooks": [],
      "tests": [],
      "suites": [
        {
          "uuid": "24eaee32-a724-4282-a715-0341b9ac59b5",
          "title": "Dashboard Login Tests - Class Based",
          "fullFile": "",
          "file": "",
          "beforeHooks": [],
          "afterHooks": [],
          "tests": [
            {
              "title": "Add Product to Cart",
              "fullTitle": "Dashboard Login Tests - Class Based Add Product to Cart",
              "timedOut": null,
              "duration": 4888,
              "state": "failed",
              "speed": null,
              "pass": false,
              "fail": true,
              "pending": false,
              "context": null,
              "code": "const {\n  validUser\n} = this.userData;\n// Clean and readable test flow\ndashboardLogin.gotoUrl();\ndashboardLogin.clickTopRightLoginButton();\ndashboardLogin.clickMasuk();\ndashboardLogin.inputPhone(validUser.phoneNumber);\ndashboardLogin.inputPassword(validUser.password);\ndashboardLogin.clickSubmitButton();\ndashboardLogin.verifySuccessfulLogin();\ndashboardLogin.clickProdukTitle();\ndashboardLogin.clickButtonBuyNow();\ndashboardLogin.verifyPopUpSuccessAddProduct();\ndashboardLogin.verifyCekPesananTitle();",
              "err": {
                "message": "TypeError: Cannot read properties of null (reading 'clientHeight')",
                "estack": "TypeError: Cannot read properties of null (reading 'clientHeight')\n    at https://recruitment-staging-queenbee.paradev.io/_next/static/chunks/6541-46bd3f71f280c1d0.js:1:1594\n    at https://recruitment-staging-queenbee.paradev.io/_next/static/chunks/6541-46bd3f71f280c1d0.js:1:2266\n    at https://recruitment-staging-queenbee.paradev.io/_next/static/chunks/6541-46bd3f71f280c1d0.js:1:2522\n    at b (https://recruitment-staging-queenbee.paradev.io/_next/static/chunks/3604-45fd092dc5321eb2.js:1:577)\n    at C (https://recruitment-staging-queenbee.paradev.io/_next/static/chunks/3604-45fd092dc5321eb2.js:1:852)\n    at S (https://recruitment-staging-queenbee.paradev.io/_next/static/chunks/3604-45fd092dc5321eb2.js:1:742)\n    at o (https://recruitment-staging-queenbee.paradev.io/:1:438)\n    at https://recruitment-staging-queenbee.paradev.io/:1:1209\n    at Array.forEach (<anonymous>)\n    at $Cypress.pause (https://recruitment-staging-queenbee.paradev.io/:1:1125)",
                "diff": null
              },
              "uuid": "3c708397-be38-46cf-a782-cd1b0b6a0b0e",
              "parentUUID": "24eaee32-a724-4282-a715-0341b9ac59b5",
              "isHook": false,
              "skipped": false
            }
          ],
          "suites": [],
          "passes": [],
          "failures": [
            "3c708397-be38-46cf-a782-cd1b0b6a0b0e"
          ],
          "pending": [],
          "skipped": [],
          "duration": 4888,
          "root": false,
          "rootEmpty": false,
          "_timeout": 2000
        }
      ],
      "passes": [],
      "failures": [],
      "pending": [],
      "skipped": [],
      "duration": 0,
      "root": true,
      "rootEmpty": true,
      "_timeout": 2000
    }
  ],
  "meta": {
    "mocha": {
      "version": "7.2.0"
    },
    "mochawesome": {
      "options": {
        "quiet": false,
        "reportFilename": "mochawesome",
        "saveHtml": true,
        "saveJson": true,
        "consoleReporter": "spec",
        "useInlineDiffs": false,
        "code": true
      },
      "version": "7.1.4"
    },
    "marge": {
      "options": {
        "reportDir": "cypress/reports",
        "overwrite": false,
        "html": true,
        "json": true
      },
      "version": "6.3.2"
    }
  }
}