{
  "stats": {
    "suites": 1,
    "tests": 1,
    "passes": 0,
    "pending": 0,
    "failures": 1,
    "start": "2025-11-08T14:47:17.819Z",
    "end": "2025-11-08T14:47:29.476Z",
    "duration": 11657,
    "testsRegistered": 1,
    "passPercent": 0,
    "pendingPercent": 0,
    "other": 0,
    "hasOther": false,
    "skipped": 0,
    "hasSkipped": false
  },
  "results": [
    {
      "uuid": "fdc78807-e911-45d9-96c9-8647b5f5982f",
      "title": "",
      "fullFile": "cypress\\e2e\\class-based-login-test.cy.js",
      "file": "cypress\\e2e\\class-based-login-test.cy.js",
      "beforeHooks": [],
      "afterHooks": [],
      "tests": [],
      "suites": [
        {
          "uuid": "e3bb7a8d-b2e3-4b04-bf0e-faf48becea8c",
          "title": "Dashboard Login Tests - Class Based",
          "fullFile": "",
          "file": "",
          "beforeHooks": [],
          "afterHooks": [],
          "tests": [
            {
              "title": "Add Product to Cart",
              "fullTitle": "Dashboard Login Tests - Class Based Add Product to Cart",
              "timedOut": null,
              "duration": 11580,
              "state": "failed",
              "speed": null,
              "pass": false,
              "fail": true,
              "pending": false,
              "context": null,
              "code": "const {\n  validUser\n} = this.userData;\n// Clean and readable test flow\ndashboardLogin.gotoUrl();\ndashboardLogin.clickTopRightLoginButton();\ndashboardLogin.clickMasuk();\ndashboardLogin.inputPhone(validUser.phoneNumber);\ndashboardLogin.inputPassword(validUser.password);\ndashboardLogin.clickSubmitButton();\ndashboardLogin.verifySuccessfulLogin();\ndashboardLogin.clickProdukTitle();\ndashboardLogin.clickButtonBuyNow();\ndashboardLogin.verifyPopUpSuccessAddProduct();\ndashboardLogin.verifyCekPesananTitle();",
              "err": {
                "message": "AssertionError: Timed out retrying after 4000ms: expected '<a#toggle-nav-menu-title>' to be 'visible'\n\nThis element `<a#toggle-nav-menu-title>` is not visible because its ancestor has `position: fixed` CSS property and it is overflowed by other elements. How about scrolling to the element with `cy.scrollIntoView()`?",
                "estack": "AssertionError: Timed out retrying after 4000ms: expected '<a#toggle-nav-menu-title>' to be 'visible'\n\nThis element `<a#toggle-nav-menu-title>` is not visible because its ancestor has `position: fixed` CSS property and it is overflowed by other elements. How about scrolling to the element with `cy.scrollIntoView()`?\n    at DashboardLogin.verifySuccessfulLogin (webpack:///./cypress/support/dashboard-login.js:112:47)\n    at Context.eval (webpack:///./cypress/e2e/class-based-login-test.cy.js:22:19)",
                "diff": null
              },
              "uuid": "276093d9-594c-46b5-955e-26df2cf9ef06",
              "parentUUID": "e3bb7a8d-b2e3-4b04-bf0e-faf48becea8c",
              "isHook": false,
              "skipped": false
            }
          ],
          "suites": [],
          "passes": [],
          "failures": [
            "276093d9-594c-46b5-955e-26df2cf9ef06"
          ],
          "pending": [],
          "skipped": [],
          "duration": 11580,
          "root": false,
          "rootEmpty": false,
          "_timeout": 2000
        }
      ],
      "passes": [],
      "failures": [],
      "pending": [],
      "skipped": [],
      "duration": 0,
      "root": true,
      "rootEmpty": true,
      "_timeout": 2000
    }
  ],
  "meta": {
    "mocha": {
      "version": "7.2.0"
    },
    "mochawesome": {
      "options": {
        "quiet": false,
        "reportFilename": "mochawesome",
        "saveHtml": true,
        "saveJson": true,
        "consoleReporter": "spec",
        "useInlineDiffs": false,
        "code": true
      },
      "version": "7.1.4"
    },
    "marge": {
      "options": {
        "reportDir": "cypress/reports",
        "overwrite": false,
        "html": true,
        "json": true
      },
      "version": "6.3.2"
    }
  }
}