{
  "stats": {
    "suites": 1,
    "tests": 1,
    "passes": 0,
    "pending": 0,
    "failures": 1,
    "start": "2025-11-08T15:34:40.669Z",
    "end": "2025-11-08T15:34:45.613Z",
    "duration": 4944,
    "testsRegistered": 1,
    "passPercent": 0,
    "pendingPercent": 0,
    "other": 0,
    "hasOther": false,
    "skipped": 0,
    "hasSkipped": false
  },
  "results": [
    {
      "uuid": "97c43e09-caed-4d60-a36d-26830df4a8c4",
      "title": "",
      "fullFile": "cypress\\e2e\\add-product.cy.js",
      "file": "cypress\\e2e\\add-product.cy.js",
      "beforeHooks": [],
      "afterHooks": [],
      "tests": [],
      "suites": [
        {
          "uuid": "285b16a3-b56a-46d8-b3ba-a278c78313ad",
          "title": "Dashboard Login Tests - Class Based",
          "fullFile": "",
          "file": "",
          "beforeHooks": [],
          "afterHooks": [],
          "tests": [
            {
              "title": "Add Product to Cart",
              "fullTitle": "Dashboard Login Tests - Class Based Add Product to Cart",
              "timedOut": null,
              "duration": 4914,
              "state": "failed",
              "speed": null,
              "pass": false,
              "fail": true,
              "pending": false,
              "context": null,
              "code": "const {\n  validUser\n} = this.userData;\n// Clean and readable test flow\ndashboardLogin.gotoUrl();\ndashboardLogin.clickTopRightLoginButton();\ndashboardLogin.clickMasuk();\ndashboardLogin.inputPhone(validUser.phoneNumber);\ndashboardLogin.inputPassword(validUser.password);\ndashboardLogin.clickSubmitButton();\ndashboardLogin.verifySuccessfulLogin();\ndashboardLogin.clickProdukTitle();\ndashboardLogin.clickButtonBuyNow();\ndashboardLogin.verifyPopUpSuccessAddProduct();\ndashboardLogin.verifyCekPesananTitle();",
              "err": {
                "message": "TypeError: The following error originated from your application code, not from Cypress.\n\n  > Cannot read properties of null (reading 'clientHeight')\n\nWhen Cypress detects uncaught errors originating from your application it will automatically fail the current test.\n\nThis behavior is configurable, and you can choose to turn this off by listening to the `uncaught:exception` event.\n\nhttps://on.cypress.io/uncaught-exception-from-application",
                "estack": "TypeError: The following error originated from your application code, not from Cypress.\n\n  > Cannot read properties of null (reading 'clientHeight')\n\nWhen Cypress detects uncaught errors originating from your application it will automatically fail the current test.\n\nThis behavior is configurable, and you can choose to turn this off by listening to the `uncaught:exception` event.\n\nhttps://on.cypress.io/uncaught-exception-from-application\n    at <unknown> (https://recruitment-staging-queenbee.paradev.io/_next/static/chunks/6541-46bd3f71f280c1d0.js:1:1594)\n    at <unknown> (https://recruitment-staging-queenbee.paradev.io/_next/static/chunks/6541-46bd3f71f280c1d0.js:1:2266)\n    at <unknown> (https://recruitment-staging-queenbee.paradev.io/_next/static/chunks/6541-46bd3f71f280c1d0.js:1:2522)\n    at b (https://recruitment-staging-queenbee.paradev.io/_next/static/chunks/3604-45fd092dc5321eb2.js:1:577)\n    at C (https://recruitment-staging-queenbee.paradev.io/_next/static/chunks/3604-45fd092dc5321eb2.js:1:852)\n    at S (https://recruitment-staging-queenbee.paradev.io/_next/static/chunks/3604-45fd092dc5321eb2.js:1:742)\n    at o (https://recruitment-staging-queenbee.paradev.io/:1:438)\n    at <unknown> (https://recruitment-staging-queenbee.paradev.io/:1:811)",
                "diff": null
              },
              "uuid": "675bcf47-517f-4851-97ca-c9e998597ed9",
              "parentUUID": "285b16a3-b56a-46d8-b3ba-a278c78313ad",
              "isHook": false,
              "skipped": false
            }
          ],
          "suites": [],
          "passes": [],
          "failures": [
            "675bcf47-517f-4851-97ca-c9e998597ed9"
          ],
          "pending": [],
          "skipped": [],
          "duration": 4914,
          "root": false,
          "rootEmpty": false,
          "_timeout": 2000
        }
      ],
      "passes": [],
      "failures": [],
      "pending": [],
      "skipped": [],
      "duration": 0,
      "root": true,
      "rootEmpty": true,
      "_timeout": 2000
    }
  ],
  "meta": {
    "mocha": {
      "version": "7.2.0"
    },
    "mochawesome": {
      "options": {
        "quiet": false,
        "reportFilename": "mochawesome",
        "saveHtml": true,
        "saveJson": true,
        "consoleReporter": "spec",
        "useInlineDiffs": false,
        "code": true
      },
      "version": "7.1.4"
    },
    "marge": {
      "options": {
        "reportDir": "cypress/reports",
        "overwrite": false,
        "html": true,
        "json": true
      },
      "version": "6.3.2"
    }
  }
}