{
  "stats": {
    "suites": 1,
    "tests": 1,
    "passes": 1,
    "pending": 0,
    "failures": 0,
    "start": "2025-11-08T15:12:40.289Z",
    "end": "2025-11-08T15:12:51.343Z",
    "duration": 11054,
    "testsRegistered": 1,
    "passPercent": 100,
    "pendingPercent": 0,
    "other": 0,
    "hasOther": false,
    "skipped": 0,
    "hasSkipped": false
  },
  "results": [
    {
      "uuid": "5b88d8c4-99cc-477f-bee1-b1860c6b7af6",
      "title": "",
      "fullFile": "cypress\\e2e\\add-product.cy.js",
      "file": "cypress\\e2e\\add-product.cy.js",
      "beforeHooks": [],
      "afterHooks": [],
      "tests": [],
      "suites": [
        {
          "uuid": "8472f6d1-f1c0-4520-97d6-d774d51271d7",
          "title": "Dashboard Login Tests - Class Based",
          "fullFile": "",
          "file": "",
          "beforeHooks": [],
          "afterHooks": [],
          "tests": [
            {
              "title": "Add Product to Cart",
              "fullTitle": "Dashboard Login Tests - Class Based Add Product to Cart",
              "timedOut": null,
              "duration": 10619,
              "state": "passed",
              "speed": "slow",
              "pass": true,
              "fail": false,
              "pending": false,
              "context": null,
              "code": "const {\n  validUser\n} = this.userData;\n// Clean and readable test flow\ndashboardLogin.gotoUrl();\ndashboardLogin.clickTopRightLoginButton();\ndashboardLogin.clickMasuk();\ndashboardLogin.inputPhone(validUser.phoneNumber);\ndashboardLogin.inputPassword(validUser.password);\ndashboardLogin.clickSubmitButton();\ndashboardLogin.verifySuccessfulLogin();\ndashboardLogin.clickProdukTitle();\ndashboardLogin.clickButtonBuyNow();\ndashboardLogin.verifyPopUpSuccessAddProduct();\ndashboardLogin.verifyCekPesananTitle();",
              "err": {},
              "uuid": "6ab36fa1-190d-4e95-814f-a06e8f1f0809",
              "parentUUID": "8472f6d1-f1c0-4520-97d6-d774d51271d7",
              "isHook": false,
              "skipped": false
            }
          ],
          "suites": [],
          "passes": [
            "6ab36fa1-190d-4e95-814f-a06e8f1f0809"
          ],
          "failures": [],
          "pending": [],
          "skipped": [],
          "duration": 10619,
          "root": false,
          "rootEmpty": false,
          "_timeout": 2000
        }
      ],
      "passes": [],
      "failures": [],
      "pending": [],
      "skipped": [],
      "duration": 0,
      "root": true,
      "rootEmpty": true,
      "_timeout": 2000
    }
  ],
  "meta": {
    "mocha": {
      "version": "7.2.0"
    },
    "mochawesome": {
      "options": {
        "quiet": false,
        "reportFilename": "mochawesome",
        "saveHtml": true,
        "saveJson": true,
        "consoleReporter": "spec",
        "useInlineDiffs": false,
        "code": true
      },
      "version": "7.1.4"
    },
    "marge": {
      "options": {
        "reportDir": "cypress/reports",
        "overwrite": false,
        "html": true,
        "json": true
      },
      "version": "6.3.2"
    }
  }
}